c:\users\miguel\documents\cgj\projects\engine\engine\obj\x64\debug\vc140.pdb
c:\users\miguel\documents\cgj\projects\engine\engine\obj\x64\debug\vc140.idb
c:\users\miguel\documents\cgj\projects\engine\engine\obj\x64\debug\main.obj
c:\users\miguel\documents\cgj\projects\engine\engine\obj\x64\debug\mat.obj
c:\users\miguel\documents\cgj\projects\engine\engine\obj\x64\debug\tests.obj
c:\users\miguel\documents\cgj\projects\engine\engine\obj\x64\debug\vec2.obj
c:\users\miguel\documents\cgj\projects\engine\engine\obj\x64\debug\vec3.obj
c:\users\miguel\documents\cgj\projects\engine\engine\obj\x64\debug\vec4.obj
c:\users\miguel\documents\cgj\projects\engine\engine\bin\x64\debug\engine.ilk
c:\users\miguel\documents\cgj\projects\engine\engine\bin\x64\debug\engine.exe
c:\users\miguel\documents\cgj\projects\engine\engine\bin\x64\debug\engine.pdb
c:\users\miguel\documents\cgj\projects\engine\engine\\bin\x64\debug\engine.pdb
c:\users\miguel\documents\cgj\projects\engine\engine\\bin\x64\debug\engine.exe
c:\users\miguel\documents\cgj\projects\engine\engine\\bin\x64\debug\engine.ilk
c:\users\miguel\documents\cgj\projects\engine\engine\obj\x64\debug\engine.tlog\cl.command.1.tlog
c:\users\miguel\documents\cgj\projects\engine\engine\obj\x64\debug\engine.tlog\cl.read.1.tlog
c:\users\miguel\documents\cgj\projects\engine\engine\obj\x64\debug\engine.tlog\cl.write.1.tlog
c:\users\miguel\documents\cgj\projects\engine\engine\obj\x64\debug\engine.tlog\link.command.1.tlog
c:\users\miguel\documents\cgj\projects\engine\engine\obj\x64\debug\engine.tlog\link.read.1.tlog
c:\users\miguel\documents\cgj\projects\engine\engine\obj\x64\debug\engine.tlog\link.write.1.tlog
